<?xml version="1.0" encoding="UTF-8"?>
<testsuite name="com.parkinglot.ParkingLotTest" tests="11" skipped="0" failures="0" errors="0" timestamp="2016-06-30T07:15:45" hostname="insrajat.local" time="0.015">
  <properties/>
  <testcase name="shouldNotNotifyProductOwnerWhenTheParkingLotIsNotFull" classname="com.parkinglot.ParkingLotTest" time="0.007"/>
  <testcase name="shouldNotNotifyObserverWhenUnparkAndParkingSlotWasNotFull" classname="com.parkinglot.ParkingLotTest" time="0.001"/>
  <testcase name="shouldNotifySecurityPersonnelWhenTheParkingLotIsFull" classname="com.parkinglot.ParkingLotTest" time="0.001"/>
  <testcase name="shouldNotParkMyCarIfSpaceUnavailable1" classname="com.parkinglot.ParkingLotTest" time="0.001"/>
  <testcase name="shouldNotNotifySecurityPersonnelWhenTheParkingLotIsNotFull" classname="com.parkinglot.ParkingLotTest" time="0.0"/>
  <testcase name="shouldNotifyObserverWhenUnparkAndParkingSlotWasFull" classname="com.parkinglot.ParkingLotTest" time="0.001"/>
  <testcase name="shouldUnparkMyCarWithValidToken" classname="com.parkinglot.ParkingLotTest" time="0.0"/>
  <testcase name="shouldParkMyCarWhenSlotsAvailable" classname="com.parkinglot.ParkingLotTest" time="0.001"/>
  <testcase name="shouldNotUnparkMyCarWithWrongToken" classname="com.parkinglot.ParkingLotTest" time="0.002"/>
  <testcase name="shouldNotUnparkMyCarIfTokenAlreadyUsed" classname="com.parkinglot.ParkingLotTest" time="0.0"/>
  <testcase name="shouldNotifyProductOwnerWhenTheParkingLotIsFull" classname="com.parkinglot.ParkingLotTest" time="0.0"/>
  <system-out><![CDATA[]]></system-out>
  <system-err><![CDATA[]]></system-err>
</testsuite>
